<?xml version="1.0" encoding="UTF-8"?>
<players>
  <player>
    <name>testPlayer</name>
    <job>Soldier</job>
    <room>overworld</room>
    <position>
      <x>31</x>
      <y>15</y>
    </position>
    <orientation>1</orientation>
    <inventory>
      <potion>
        <health>20</health>
      </potion>
      <torch />
      <key />
      <key />
      <weapon>
        <name>Sword</name>
        <attack>10</attack>
      </weapon>
    </inventory>
    <weapon>
      <name>Sword</name>
      <attack>10</attack>
    </weapon>
    <health>60</health>
  </player>
  <player>
    <name>testPlayer2</name>
    <job>Archer</job>
    <room>overworld</room>
    <position>
      <x>31</x>
      <y>16</y>
    </position>
    <orientation>2</orientation>
    <inventory>
      <potion>
        <health>20</health>
      </potion>
      <torch />
      <key />
      <key />
      <weapon>
        <name>Bow</name>
        <attack>10</attack>
      </weapon>
    </inventory>
    <weapon>
      <name>Bow</name>
      <attack>10</attack>
    </weapon>
    <health>40</health>
  </player>
</players>
